Mt contains 44 entries.
Waiting for bibref's full startup...
There is a skippable error when processing ['Mt 2, 18', [[3722, 118]]]:
Cannot identify "Ουτος ειπεν κυριος φωνη εν Ραμα ηκουσθη θρηνου και κλαυθμου και οδυρμου Ραχηλ αποκλαιομενη ουκ ηθελεν παυσασθαι επι τοις υιοις αυτης οτι ουκ εισιν" ~ Jeremiah 38:15
There is a skippable error when processing ['Mt 2, 23', [[18301, 18305], [18301, 18307]]]:
Cannot identify "οτι ιδου συ εν γαστρι εξεις και τεξη υιον και ουκ αναβησεται σιδηρος επι την κεφαλην αυτου οτι ηγιασμενον ναζιραιον εσται τω θεω το παιδαριον εκ της γαστρος και αυτος αρξεται σωζειν τον ισραηλ εκ χειρος αλλοφυλων" ~ Judges 13:5
There is a skippable error when processing ['Mt 4, 16', [[3735, 156]]]:
Cannot identify "ο λαος ο καθημενος εν σκοτει φως ειδεν μεγα
και τοις καθημενοις εν χωρα και σκια θανατου
φως ανετειλεν αυτοις" ~ Matthew 4:16 4:16
There is a skippable error when processing ['Mt 13, 35', [[3743, 179]]]:
Cannot identify "ανοιξω εν παραβολαις το στομα μου ερευξομαι κεκρυμμενα απο καταβολης κοσμου" ~ Matthew 13:35 13:35
There is a skippable error when processing ['Mt 18, 16', [[4819, 3272]]]:
Cannot identify "ινα" ~ Matthew 18:16 18:16
There is a skippable error when processing ['Mt 24, 30', [[3779, 278]]]:
Cannot identify "και τοτε φανησεται το σημειον του υιου του ανθρωπου εν ουρανω και τοτε κοψονται πασαι αι φυλαι της γης" ~ Matthew 24:30 24:30
Mk contains 32 entries.
There is a skippable error when processing ['Mk 4, 12', [[4846, 175], [4846, 1215]]]:
Cannot identify "ινα βλεποντες βλεπωσιν και μη ιδωσιν και ακουοντες ακουωσιν και μη συνιωσιν μηποτε επιστρεψωσιν και αφεθη αυτοις" ~ Mark 4:12 4:12
There is a skippable error when processing ['Mk 10, 6', [[3748, 186]]]:
Cannot identify "απο δε αρχης κτισεως" ~ Mark 10:5 10:5
There is a skippable error when processing ['Mk 12, 32', [[3887, 14955], [3887, 245], [3887, 839]]]:
Cannot identify "οτι" ~ Mark 12:32 12:32
Lk contains 33 entries.
There is a skippable error when processing ['Lk 13, 27', [[3861, 306]]]:
Cannot identify "και ερει λεγων υμιν ουκ οιδα υμας ποθεν εστε" ~ Luke 13:27 13:27
Joh contains 15 entries.
Acta contains 50 entries.
There is a skippable error when processing ['Acta 2, 20', [[4997, 508]]]:
Cannot identify "ο ηλιος μεταστραφησεται εις σκοτος και η σεληνη εις αιμα πριν ελθειν ημεραν κυριου την μεγαλην και επιφανη" ~ Acts 2:20 2:20
There is a skippable error when processing ['Acta 2, 21', [[5000, 615]]]:
Cannot identify "και εσται πας ος αν επικαλεσηται το ονομα κυριου σωθησεται" ~ Acts 2:21 2:21
There is a skippable error when processing ['Acta 2, 34', [[3800, 259]]]:
Cannot identify "ειπεν ο κυριος τω κυριω μου καθου εκ δεξιων μου εως αν θω τους εχθρους σου υποποδιον των ποδων σου" ~ Acts 2:34 2:34
There is a skippable error when processing ['Acta 3, 13', [[3801, 341]]]:
Cannot identify "ο θεος αβρααμ και ο θεος ισαακ και ο θεος ιακωβ ο θεος των πατερων ημων" ~ Acts 3:13 3:13
There is a skippable error when processing ['Acta 3, 22', [[3802, 343], [5019, 5018]]]:
Cannot identify "προφητην υμιν αναστησει κυριος ο θεος υμων εκ των αδελφων υμων ως εμε αυτου ακουσεσθε κατα παντα οσα αν λαληση προς υμας" ~ Acts 3:22 3:22
There is a skippable error when processing ['Acta 3, 23', [[5024, 5023]]]:
Cannot identify "εσται δε πασα ψυχη ητις εαν μη ακουση του προφητου εκεινου εξολεθρευθησεται εκ του λαου" ~ Acts 3:23 3:23
There is a skippable error when processing ['Acta 7, 34', [[5078, 5077], [5082, 5081], [5084, 22657]]]:
Cannot identify "ιδων ειδον την κακωσιν του λαου μου του εν Αιγυπτω και του στεναγμου αυτων ηκουσα" ~ Acts 7:34 7:34
There is a skippable error when processing ['Acta 7, 43', [[5129, 5121], [5135, 5134]]]:
Cannot identify "και ανελαβετε την σκηνην του Μολοχ και το αστρον του θεου υμων Ραιφαν τους τυπους ους εποιησατε προσκυνειν αυτοις" ~ Acts 7:43 7:43
There is a skippable error when processing ['Acta 8, 33', [[5162, 5161]]]:
Cannot identify "Εν τη ταπεινωσει αυτου η κρισις αυτου ηρθη·την γενεαν αυτου τις διηγησεται οτι αιρεται απο της γης η ζωη αυτου" ~ Acts 8:33 8:33
There is a skippable error when processing ['Acta 15, 18', [[9014, 839]]]:
Cannot identify "γνωστα απ αιωνος" ~ Luke 15:18 15:18
Röm contains 65 entries.
There is a skippable error when processing ['Röm 3, 12', [[3933, 2034], [3933, 2032]]]:
Cannot identify "παντες εξεκλιναν αμα ηχρεωθησαν ουκ εστιν ο ποιων χρηστοτητα ουκ εστιν εως ενος" ~ Romans 3:12 3:12
There is a skippable error when processing ['Röm 9, 25', [[3992, 3132]]]:
Cannot identify "και σπερω αυτην εμαυτω επι της γης και ελεησω την Ουκ-ηλεημενην και ερω τω Ου-λαω-μου λαος μου ει συ και αυτος ερει κυριος ο θεος μου ει συ" ~ Hosea 2:25
There is a skippable error when processing ['Röm 10, 5', [[3977, 3089]]]:
Cannot identify "ο ποιησας αυτα ανθρωπος ζησεται εν αυτοις" ~ Romans 10:5 10:5
There is a skippable error when processing ['Röm 11, 2', [[3975, 3079], [3975, 3081]]]:
Cannot identify "οτι ουκ απωσεται κυριος τον λαον αυτου δια το ονομα αυτου το μεγα οτι επιεικεως κυριος προσελαβετο υμας αυτω εις λαον" ~ I_Kings 12:22
There is a skippable error when processing ['Röm 11, 3', [[3976, 3084], [3976, 3086]]]:
Timeout exceeded.
<pexpect.pty_spawn.spawn object at 0x75957d7d4a40>
command: /snap/bin/bibref
args: ['/snap/bin/bibref', '-a']
buffer (last 100 chars): b'X III_Kings 19:10\r\nInvalid book.\r\nSorry, there were some problems with the command you entered.\r\n>> '
before (last 100 chars): b'X III_Kings 19:10\r\nInvalid book.\r\nSorry, there were some problems with the command you entered.\r\n>> '
after: <class 'pexpect.exceptions.TIMEOUT'>
match: None
match_index: None
exitstatus: None
flag_eof: False
pid: 314172
child_fd: 5
closed: False
timeout: 5
delimiter: <class 'pexpect.exceptions.EOF'>
logfile: None
logfile_read: None
logfile_send: None
maxread: 2000
ignorecase: False
searchwindowsize: None
delaybeforesend: 0.05
delayafterclose: 0.1
delayafterterminate: 0.1
searcher: searcher_re:
    0: re.compile(b'Stored internally as (\\w+).')
There is a skippable error when processing ['Röm 11, 4', [[5273, 5272]]]:
Timeout exceeded.
<pexpect.pty_spawn.spawn object at 0x75957d7d4a40>
command: /snap/bin/bibref
args: ['/snap/bin/bibref', '-a']
buffer (last 100 chars): b'X III_Kings 19:18\r\nInvalid book.\r\nSorry, there were some problems with the command you entered.\r\n>> '
before (last 100 chars): b'X III_Kings 19:18\r\nInvalid book.\r\nSorry, there were some problems with the command you entered.\r\n>> '
after: <class 'pexpect.exceptions.TIMEOUT'>
match: None
match_index: None
exitstatus: None
flag_eof: False
pid: 314172
child_fd: 5
closed: False
timeout: 5
delimiter: <class 'pexpect.exceptions.EOF'>
logfile: None
logfile_read: None
logfile_send: None
maxread: 2000
ignorecase: False
searchwindowsize: None
delaybeforesend: 0.05
delayafterclose: 0.1
delayafterterminate: 0.1
searcher: searcher_re:
    0: re.compile(b'Stored internally as (\\w+).')
There is a skippable error when processing ['Röm 12, 20', [[3967, 3055], [5430, 3052]]]:
Cannot identify "αλλα" ~ Romans 12:20 12:20
There is a skippable error when processing ['Röm 15, 9', [[3951, 3017]]]:
Cannot identify "δια τουτο εξομολογησομαι σοι εν εθνεσιν και τω ονοματι σου ψαλω" ~ Romans 15:9 15:9
1Kor contains 17 entries.
There is a skippable error when processing ['1Kor 2, 9', [[4000, 3175]]]:
Cannot identify "α οφθαλμος ουκ ειδεν και ους ουκ ηκουσεν και επι καρδιαν ανθρωπου ουκ ανεβη α ητοιμασεν ο θεος τοις αγαπωσιν αυτον" ~ I_Corinthians 2:9 2:9
2Kor contains 12 entries.
There is a skippable error when processing ['2Kor 6, 18', [[4021, 3256], [4021, 3254]]]:
Cannot identify "και νυν ταδε ερεις τω δουλω μου Δαυιδ ταδε λεγει κυριος παντοκρατωρ ελαβον σε εκ της μανδρας των προβατων του ειναι σε εις ηγουμενον επι τον λαον μου επι τον Ισραηλ" ~ II_Kings 7:8
Eph contains 7 entries.
There is a skippable error when processing ['Eph 5, 31', [[4043, 317]]]:
Cannot identify "αντι τουτου καταλειψει ανθρωπος τον πατερα και την μητερα και προσκολληθησεται προς την γυναικα αυτου και εσονται οι δυο εις σαρκα μιαν" ~ Ephesians 5:31 5:31
Gal contains 10 entries.
1Tim contains 2 entries.
2Tim contains 1 entries.
Hebr contains 61 entries.
There is a skippable error when processing ['Hebr 1, 5', [[4049, 3254], [4048, 845]]]:
Cannot identify "εγω εσομαι αυτω εις πατερα και αυτος εσται μοι εις υιον και εαν ελθη η αδικια αυτου και ελεγξω αυτον εν ραβδω ανδρων και εν αφαις υιων ανθρωπων" ~ II_Kings 7:14
There is a skippable error when processing ['Hebr 1, 10', [[4054, 3327]]]:
Cannot identify "και" ~ Hebrews 1:10 1:10
There is a skippable error when processing ['Hebr 1, 11', [[4055, 3330]]]:
Cannot identify "και" ~ Hebrews 1:10 1:10
There is a skippable error when processing ['Hebr 1, 12', [[4056, 3330], [4056, 3333]]]:
Cannot identify "και" ~ Hebrews 1:10 1:10
There is a skippable error when processing ['Hebr 2, 12', [[4061, 3358]]]:
Cannot identify "λεγων" ~ Hebrews 2:12 2:12
There is a skippable error when processing ['Hebr 6, 14', [[4077, 3396]]]:
Cannot identify "λεγων" ~ Hebrews 6:14 6:14
There is a skippable error when processing ['Hebr 7, 4', [[4082, 3408]]]:
Cannot identify "ω και δεκατην Αβρααμ εδωκεν" ~ Hebrews 7:4 7:4
There is a skippable error when processing ['Hebr 9, 20', [[4091, 3433]]]:
Cannot identify "λεγων" ~ Hebrews 9:20 9:20
There is a skippable error when processing ['Hebr 13, 6', [[4115, 3492]]]:
Cannot identify "κυριος εμοι βοηθος και ου φοβηθησομαι τι ποιησει μοι ανθρωπος" ~ Hebrews 13:6 13:6
1Petr contains 1 entries.
There is a skippable error when processing ['1Petr 1, 16', [[4116, 3495]]]:
Cannot identify "αγιοι εσεσθε οτι εγω αγιος ειμι" ~ I_Peter 1:16 1:16
Jud contains 1 entries.
There is a skippable error when processing ['Jud 1, 9', [[3793, 308]]]:
Cannot identify "ειπεν" ~ Jude 1:9 1:9
Jak contains 7 entries.
254 entries processed
